<testsuites id="" name="" tests="1" failures="1" skipped="0" errors="0" time="25.269094000000003">
<testsuite name="test-saida-direto.spec.ts" timestamp="2025-09-23T09:27:10.320Z" hostname="chromium" tests="1" failures="1" skipped="0" time="23.66" errors="0">
<testcase name="Teste direto do botão Saída" classname="test-saida-direto.spec.ts" time="23.66">
<failure message="test-saida-direto.spec.ts:3:1 Teste direto do botão Saída" type="FAILURE">
<![CDATA[  [chromium] › test-saida-direto.spec.ts:3:1 › Teste direto do botão Saída ─────────────────────────

    TimeoutError: locator.click: Timeout 15000ms exceeded.
    Call log:
      - waiting for locator('button').filter({ hasText: /salvar/i })


      61 |   });
      62 |
    > 63 |   await salvarButton.click();
         |                      ^
      64 |   console.log('✅ Lançamento salvo');
      65 |
      66 |   // Aguardar confirmação
        at C:\Users\Adrielsb\Desktop\CaixaManipularium\projetocaixa-backup\projetocaixa-1\e2e\test-saida-direto.spec.ts:63:22

    attachment #1: screenshot (image/png) ──────────────────────────────────────────────────────────
    ..\test-results\test-saida-direto-Teste-direto-do-botão-Saída-chromium\test-failed-1.png
    ────────────────────────────────────────────────────────────────────────────────────────────────

    attachment #2: video (video/webm) ──────────────────────────────────────────────────────────────
    ..\test-results\test-saida-direto-Teste-direto-do-botão-Saída-chromium\video.webm
    ────────────────────────────────────────────────────────────────────────────────────────────────

    Error Context: ..\test-results\test-saida-direto-Teste-direto-do-botão-Saída-chromium\error-context.md
]]>
</failure>
<system-out>
<![CDATA[✅ Botão Saída clicado!
✅ Valor preenchido: 350.00

[[ATTACHMENT|test-saida-direto-Teste-direto-do-botão-Saída-chromium\test-failed-1.png]]

[[ATTACHMENT|test-saida-direto-Teste-direto-do-botão-Saída-chromium\video.webm]]

[[ATTACHMENT|test-saida-direto-Teste-direto-do-botão-Saída-chromium\error-context.md]]
]]>
</system-out>
</testcase>
</testsuite>
</testsuites>